<?xml version="1.0" encoding="UTF-8"?>
<!-- Generated by org.testng.reporters.JUnitReportReporter -->
<testsuite hostname="DESKTOP-TJTKVJK" failures="0" tests="7" name="testNG.SkipTest" time="0.005" errors="0" timestamp="20 Mar 2024 07:39:12 GMT" skipped="1">
  <testcase classname="testNG.SkipTest" name="turnOnCar" time="0.001"/>
  <testcase classname="testNG.SkipTest" name="putFirstGear" time="0.001"/>
  <testcase classname="testNG.SkipTest" name="putSecondGear" time="0.001"/>
  <testcase classname="testNG.SkipTest" name="putThirdGear" time="0.001"/>
  <testcase classname="testNG.SkipTest" name="giveAccelerator" time="0.000"/>
  <testcase classname="testNG.SkipTest" name="moveTheCare" time="0.001"/>
  <testcase classname="testNG.SkipTest" name="turnMusicOn">
    <skipped/>
  </testcase> <!-- turnMusicOn -->
</testsuite> <!-- testNG.SkipTest -->
