<?xml version="1.0" encoding="UTF-8"?>
<!-- Generated by org.testng.reporters.JUnitReportReporter -->
<testsuite hostname="DESKTOP-TJTKVJK" failures="0" tests="1" name="testNG.Parameterization" time="0.008" errors="0" timestamp="20 Mar 2024 08:15:45 GMT" skipped="0">
  <testcase classname="testNG.Parameterization" name="printName" time="0.008"/>
</testsuite> <!-- testNG.Parameterization -->
