<?xml version="1.0" encoding="UTF-8"?>
<!-- Generated by org.testng.reporters.JUnitReportReporter -->
<testsuite hostname="DESKTOP-TJTKVJK" failures="0" tests="3" name="testNG.TestSuiteExample" time="3.064" errors="0" timestamp="20 Mar 2024 07:39:12 GMT" skipped="0">
  <testcase classname="testNG.TestSuiteExample" name="openGoogle" time="1.026"/>
  <testcase classname="testNG.TestSuiteExample" name="openBing" time="0.437"/>
  <testcase classname="testNG.TestSuiteExample" name="openYahoo" time="1.601"/>
</testsuite> <!-- testNG.TestSuiteExample -->
