<?xml version="1.0" encoding="UTF-8"?>
<!-- Generated by org.testng.reporters.JUnitReportReporter -->
<testsuite hostname="DESKTOP-TJTKVJK" failures="0" tests="4" name="testNG.GroupingExample" time="0.013" errors="0" timestamp="20 Mar 2024 08:09:16 GMT" skipped="0">
  <testcase classname="testNG.GroupingExample" name="vivo1" time="0.001"/>
  <testcase classname="testNG.GroupingExample" name="moto1" time="0.008"/>
  <testcase classname="testNG.GroupingExample" name="vivo2" time="0.001"/>
  <testcase classname="testNG.GroupingExample" name="moto2" time="0.003"/>
</testsuite> <!-- testNG.GroupingExample -->
