<?xml version="1.0" encoding="UTF-8"?>
<!-- Generated by org.testng.reporters.JUnitReportReporter -->
<testsuite hostname="DESKTOP-TJTKVJK" failures="0" tests="4" name="testNG.TestNGExample" time="0.004" errors="0" timestamp="20 Mar 2024 07:39:12 GMT" skipped="0">
  <testcase classname="testNG.TestNGExample" name="firstTest" time="0.001"/>
  <testcase classname="testNG.TestNGExample" name="fourthTest" time="0.001"/>
  <testcase classname="testNG.TestNGExample" name="thirdTest" time="0.000"/>
  <testcase classname="testNG.TestNGExample" name="secondTest" time="0.002"/>
</testsuite> <!-- testNG.TestNGExample -->
