<?xml version="1.0" encoding="UTF-8"?>
<!-- Generated by org.testng.reporters.JUnitReportReporter -->
<testsuite hostname="DESKTOP-TJTKVJK" failures="0" tests="6" name="testNG.SetPriorityExample" time="0.004" errors="0" timestamp="20 Mar 2024 07:39:12 GMT" skipped="0">
  <testcase classname="testNG.SetPriorityExample" name="turnOnCar" time="0.001"/>
  <testcase classname="testNG.SetPriorityExample" name="putFirstGear" time="0.001"/>
  <testcase classname="testNG.SetPriorityExample" name="putSecondGear" time="0.000"/>
  <testcase classname="testNG.SetPriorityExample" name="putThirdGear" time="0.001"/>
  <testcase classname="testNG.SetPriorityExample" name="giveAccelerator" time="0.001"/>
  <testcase classname="testNG.SetPriorityExample" name="moveTheCare" time="0.000"/>
</testsuite> <!-- testNG.SetPriorityExample -->
