<?xml version="1.0" encoding="UTF-8"?>
<!-- Generated by org.testng.reporters.JUnitReportReporter -->
<testsuite hostname="DESKTOP-TJTKVJK" failures="0" tests="1" name="testNG.AnnotationHierarchyExample" time="0.003" errors="0" timestamp="20 Mar 2024 11:30:53 GMT" skipped="0">
  <testcase classname="testNG.AnnotationHierarchyExample" name="test" time="0.003"/>
</testsuite> <!-- testNG.AnnotationHierarchyExample -->
