<?xml version="1.0" encoding="UTF-8"?>
<!-- Generated by org.testng.reporters.JUnitReportReporter -->
<testsuite hostname="DESKTOP-TJTKVJK" failures="0" tests="2" name="testNG.ParallelTest" time="3.670" errors="0" timestamp="20 Mar 2024 11:10:44 GMT" skipped="0">
  <testcase classname="testNG.ParallelTest" name="openBing" time="1.653"/>
  <testcase classname="testNG.ParallelTest" name="openGoogle" time="2.017"/>
</testsuite> <!-- testNG.ParallelTest -->
